<?xml version="1.0" encoding="UTF-8"?>
<coverage generated="1732711704157" clover="3.2.0">
  <project timestamp="1732711704157" name="All files">
    <metrics statements="49" coveredstatements="45" conditionals="14" coveredconditionals="10" methods="22" coveredmethods="18" elements="85" coveredelements="73" complexity="0" loc="49" ncloc="49" packages="3" files="7" classes="7"/>
    <package name="components">
      <metrics statements="39" coveredstatements="35" conditionals="14" coveredconditionals="10" methods="19" coveredmethods="15"/>
      <file name="Cart.js" path="D:\Frontend Development\Advance-React-Notes\React-04\src\components\Cart.js">
        <metrics statements="8" coveredstatements="6" conditionals="2" coveredconditionals="2" methods="5" coveredmethods="3"/>
        <line num="5" count="1" type="stmt"/>
        <line num="6" count="4" type="stmt"/>
        <line num="7" count="2" type="stmt"/>
        <line num="9" count="2" type="stmt"/>
        <line num="10" count="0" type="stmt"/>
        <line num="13" count="2" type="stmt"/>
        <line num="27" count="1" type="stmt"/>
        <line num="32" count="0" type="stmt"/>
      </file>
      <file name="CartItems.js" path="D:\Frontend Development\Advance-React-Notes\React-04\src\components\CartItems.js">
        <metrics statements="6" coveredstatements="4" conditionals="2" coveredconditionals="1" methods="3" coveredmethods="1"/>
        <line num="5" count="1" type="stmt"/>
        <line num="6" count="1" type="stmt"/>
        <line num="8" count="1" type="stmt"/>
        <line num="9" count="0" type="stmt"/>
        <line num="12" count="1" type="stmt"/>
        <line num="30" count="0" type="stmt"/>
      </file>
      <file name="Header.js" path="D:\Frontend Development\Advance-React-Notes\React-04\src\components\Header.js">
        <metrics statements="6" coveredstatements="6" conditionals="4" coveredconditionals="2" methods="3" coveredmethods="3"/>
        <line num="8" count="2" type="stmt"/>
        <line num="9" count="6" type="stmt"/>
        <line num="10" count="6" type="stmt"/>
        <line num="15" count="11" type="stmt"/>
        <line num="19" count="6" type="stmt"/>
        <line num="57" count="1" type="cond" truecount="1" falsecount="1"/>
      </file>
      <file name="MenuCard.js" path="D:\Frontend Development\Advance-React-Notes\React-04\src\components\MenuCard.js">
        <metrics statements="6" coveredstatements="6" conditionals="2" coveredconditionals="2" methods="3" coveredmethods="3"/>
        <line num="5" count="1" type="stmt"/>
        <line num="6" count="54" type="stmt"/>
        <line num="8" count="54" type="stmt"/>
        <line num="9" count="1" type="stmt"/>
        <line num="12" count="54" type="stmt"/>
        <line num="41" count="1" type="stmt"/>
      </file>
      <file name="RestaurantsMenu.js" path="D:\Frontend Development\Advance-React-Notes\React-04\src\components\RestaurantsMenu.js">
        <metrics statements="13" coveredstatements="13" conditionals="4" coveredconditionals="3" methods="5" coveredmethods="5"/>
        <line num="7" count="1" type="stmt"/>
        <line num="8" count="5" type="stmt"/>
        <line num="9" count="5" type="stmt"/>
        <line num="10" count="5" type="stmt"/>
        <line num="13" count="5" type="cond" truecount="2" falsecount="0"/>
        <line num="14" count="2" type="stmt"/>
        <line num="20" count="20" type="stmt"/>
        <line num="35" count="3" type="stmt"/>
        <line num="38" count="3" type="stmt"/>
        <line num="40" count="57" type="stmt"/>
        <line num="44" count="3" type="stmt"/>
        <line num="79" count="30" type="stmt"/>
        <line num="84" count="1" type="cond" truecount="1" falsecount="1"/>
      </file>
    </package>
    <package name="utils">
      <metrics statements="1" coveredstatements="1" conditionals="0" coveredconditionals="0" methods="0" coveredmethods="0"/>
      <file name="appStore.js" path="D:\Frontend Development\Advance-React-Notes\React-04\src\utils\appStore.js">
        <metrics statements="1" coveredstatements="1" conditionals="0" coveredconditionals="0" methods="0" coveredmethods="0"/>
        <line num="4" count="2" type="stmt"/>
      </file>
    </package>
    <package name="utils.coustomHooks">
      <metrics statements="9" coveredstatements="9" conditionals="0" coveredconditionals="0" methods="3" coveredmethods="3"/>
      <file name="useRestaurantsMenu.js" path="D:\Frontend Development\Advance-React-Notes\React-04\src\utils\coustomHooks\useRestaurantsMenu.js">
        <metrics statements="9" coveredstatements="9" conditionals="0" coveredconditionals="0" methods="3" coveredmethods="3"/>
        <line num="6" count="1" type="stmt"/>
        <line num="7" count="5" type="stmt"/>
        <line num="9" count="5" type="stmt"/>
        <line num="10" count="2" type="stmt"/>
        <line num="13" count="5" type="stmt"/>
        <line num="14" count="2" type="stmt"/>
        <line num="15" count="2" type="stmt"/>
        <line num="16" count="2" type="stmt"/>
        <line num="19" count="5" type="stmt"/>
      </file>
    </package>
  </project>
</coverage>
