{"D:\\Frontend Development\\Advance-React-Notes\\React-04\\src\\components\\Cart.js": {"path":"D:\\Frontend Development\\Advance-React-Notes\\React-04\\src\\components\\Cart.js","statementMap":{"0":{"start":{"line":5,"column":13},"end":{"line":43,"column":1}},"1":{"start":{"line":6,"column":16},"end":{"line":6,"column":56}},"2":{"start":{"line":6,"column":39},"end":{"line":6,"column":55}},"3":{"start":{"line":7,"column":19},"end":{"line":7,"column":32}},"4":{"start":{"line":9,"column":22},"end":{"line":11,"column":3}},"5":{"start":{"line":10,"column":4},"end":{"line":10,"column":26}},"6":{"start":{"line":13,"column":2},"end":{"line":42,"column":4}},"7":{"start":{"line":27,"column":16},"end":{"line":27,"column":58}},"8":{"start":{"line":32,"column":33},"end":{"line":32,"column":46}}},"fnMap":{"0":{"name":"(anonymous_0)","decl":{"start":{"line":5,"column":13},"end":{"line":5,"column":14}},"loc":{"start":{"line":5,"column":19},"end":{"line":43,"column":1}},"line":5},"1":{"name":"(anonymous_1)","decl":{"start":{"line":6,"column":28},"end":{"line":6,"column":29}},"loc":{"start":{"line":6,"column":39},"end":{"line":6,"column":55}},"line":6},"2":{"name":"(anonymous_2)","decl":{"start":{"line":9,"column":22},"end":{"line":9,"column":23}},"loc":{"start":{"line":9,"column":28},"end":{"line":11,"column":3}},"line":9},"3":{"name":"(anonymous_3)","decl":{"start":{"line":26,"column":25},"end":{"line":26,"column":26}},"loc":{"start":{"line":27,"column":16},"end":{"line":27,"column":58}},"line":27},"4":{"name":"(anonymous_4)","decl":{"start":{"line":32,"column":27},"end":{"line":32,"column":28}},"loc":{"start":{"line":32,"column":33},"end":{"line":32,"column":46}},"line":32}},"branchMap":{"0":{"loc":{"start":{"line":16,"column":9},"end":{"line":39,"column":9}},"type":"cond-expr","locations":[{"start":{"line":17,"column":10},"end":{"line":19,"column":15}},{"start":{"line":21,"column":10},"end":{"line":38,"column":16}}],"line":16}},"s":{"0":1,"1":2,"2":4,"3":2,"4":2,"5":0,"6":2,"7":1,"8":0},"f":{"0":2,"1":4,"2":0,"3":1,"4":0},"b":{"0":[1,1]},"_coverageSchema":"1a1c01bbd47fc00a2c39e90264f33305004495a9","hash":"b6dce531663611e88b8ba53a7fb6ccb1a186765a"}
,"D:\\Frontend Development\\Advance-React-Notes\\React-04\\src\\components\\CartItems.js": {"path":"D:\\Frontend Development\\Advance-React-Notes\\React-04\\src\\components\\CartItems.js","statementMap":{"0":{"start":{"line":5,"column":18},"end":{"line":36,"column":1}},"1":{"start":{"line":6,"column":19},"end":{"line":6,"column":32}},"2":{"start":{"line":8,"column":22},"end":{"line":10,"column":3}},"3":{"start":{"line":9,"column":4},"end":{"line":9,"column":30}},"4":{"start":{"line":12,"column":2},"end":{"line":35,"column":4}},"5":{"start":{"line":30,"column":31},"end":{"line":30,"column":56}}},"fnMap":{"0":{"name":"(anonymous_0)","decl":{"start":{"line":5,"column":18},"end":{"line":5,"column":19}},"loc":{"start":{"line":5,"column":37},"end":{"line":36,"column":1}},"line":5},"1":{"name":"(anonymous_1)","decl":{"start":{"line":8,"column":22},"end":{"line":8,"column":23}},"loc":{"start":{"line":8,"column":30},"end":{"line":10,"column":3}},"line":8},"2":{"name":"(anonymous_2)","decl":{"start":{"line":30,"column":25},"end":{"line":30,"column":26}},"loc":{"start":{"line":30,"column":31},"end":{"line":30,"column":56}},"line":30}},"branchMap":{"0":{"loc":{"start":{"line":26,"column":12},"end":{"line":26,"column":65}},"type":"binary-expr","locations":[{"start":{"line":26,"column":12},"end":{"line":26,"column":40}},{"start":{"line":26,"column":44},"end":{"line":26,"column":65}}],"line":26}},"s":{"0":1,"1":1,"2":1,"3":0,"4":1,"5":0},"f":{"0":1,"1":0,"2":0},"b":{"0":[1,0]},"_coverageSchema":"1a1c01bbd47fc00a2c39e90264f33305004495a9","hash":"f40e1e2d757887207fd3d7faccd71ca6751edc99"}
,"D:\\Frontend Development\\Advance-React-Notes\\React-04\\src\\components\\Header.js": {"path":"D:\\Frontend Development\\Advance-React-Notes\\React-04\\src\\components\\Header.js","statementMap":{"0":{"start":{"line":8,"column":15},"end":{"line":70,"column":1}},"1":{"start":{"line":9,"column":32},"end":{"line":9,"column":49}},"2":{"start":{"line":10,"column":23},"end":{"line":10,"column":40}},"3":{"start":{"line":15,"column":20},"end":{"line":15,"column":60}},"4":{"start":{"line":15,"column":43},"end":{"line":15,"column":59}},"5":{"start":{"line":19,"column":2},"end":{"line":69,"column":4}},"6":{"start":{"line":57,"column":16},"end":{"line":59,"column":40}}},"fnMap":{"0":{"name":"(anonymous_0)","decl":{"start":{"line":8,"column":15},"end":{"line":8,"column":16}},"loc":{"start":{"line":8,"column":21},"end":{"line":70,"column":1}},"line":8},"1":{"name":"(anonymous_1)","decl":{"start":{"line":15,"column":32},"end":{"line":15,"column":33}},"loc":{"start":{"line":15,"column":43},"end":{"line":15,"column":59}},"line":15},"2":{"name":"(anonymous_2)","decl":{"start":{"line":56,"column":23},"end":{"line":56,"column":24}},"loc":{"start":{"line":56,"column":29},"end":{"line":60,"column":15}},"line":56}},"branchMap":{"0":{"loc":{"start":{"line":29,"column":28},"end":{"line":29,"column":54}},"type":"cond-expr","locations":[{"start":{"line":29,"column":43},"end":{"line":29,"column":47}},{"start":{"line":29,"column":50},"end":{"line":29,"column":54}}],"line":29},"1":{"loc":{"start":{"line":57,"column":16},"end":{"line":59,"column":39}},"type":"cond-expr","locations":[{"start":{"line":58,"column":20},"end":{"line":58,"column":40}},{"start":{"line":59,"column":20},"end":{"line":59,"column":39}}],"line":57}},"s":{"0":2,"1":6,"2":6,"3":6,"4":11,"5":6,"6":1},"f":{"0":6,"1":11,"2":1},"b":{"0":[6,0],"1":[1,0]},"_coverageSchema":"1a1c01bbd47fc00a2c39e90264f33305004495a9","hash":"8571eb726b125161aab076254fe90e6a6a476f23"}
,"D:\\Frontend Development\\Advance-React-Notes\\React-04\\src\\components\\MenuCard.js": {"path":"D:\\Frontend Development\\Advance-React-Notes\\React-04\\src\\components\\MenuCard.js","statementMap":{"0":{"start":{"line":5,"column":17},"end":{"line":49,"column":1}},"1":{"start":{"line":6,"column":19},"end":{"line":6,"column":32}},"2":{"start":{"line":8,"column":22},"end":{"line":10,"column":3}},"3":{"start":{"line":9,"column":4},"end":{"line":9,"column":34}},"4":{"start":{"line":12,"column":2},"end":{"line":48,"column":4}},"5":{"start":{"line":41,"column":27},"end":{"line":41,"column":49}}},"fnMap":{"0":{"name":"(anonymous_0)","decl":{"start":{"line":5,"column":17},"end":{"line":5,"column":18}},"loc":{"start":{"line":5,"column":36},"end":{"line":49,"column":1}},"line":5},"1":{"name":"(anonymous_1)","decl":{"start":{"line":8,"column":22},"end":{"line":8,"column":23}},"loc":{"start":{"line":8,"column":37},"end":{"line":10,"column":3}},"line":8},"2":{"name":"(anonymous_2)","decl":{"start":{"line":41,"column":21},"end":{"line":41,"column":22}},"loc":{"start":{"line":41,"column":27},"end":{"line":41,"column":49}},"line":41}},"branchMap":{"0":{"loc":{"start":{"line":20,"column":13},"end":{"line":20,"column":66}},"type":"binary-expr","locations":[{"start":{"line":20,"column":13},"end":{"line":20,"column":34}},{"start":{"line":20,"column":38},"end":{"line":20,"column":66}}],"line":20}},"s":{"0":1,"1":54,"2":54,"3":1,"4":54,"5":1},"f":{"0":54,"1":1,"2":1},"b":{"0":[54,47]},"_coverageSchema":"1a1c01bbd47fc00a2c39e90264f33305004495a9","hash":"a4c349ace33f127a5ebf7033d6c25cefae7b372d"}
,"D:\\Frontend Development\\Advance-React-Notes\\React-04\\src\\components\\RestaurantsMenu.js": {"path":"D:\\Frontend Development\\Advance-React-Notes\\React-04\\src\\components\\RestaurantsMenu.js","statementMap":{"0":{"start":{"line":7,"column":24},"end":{"line":92,"column":1}},"1":{"start":{"line":8,"column":20},"end":{"line":8,"column":31}},"2":{"start":{"line":9,"column":18},"end":{"line":9,"column":43}},"3":{"start":{"line":10,"column":36},"end":{"line":10,"column":47}},"4":{"start":{"line":13,"column":2},"end":{"line":25,"column":3}},"5":{"start":{"line":14,"column":4},"end":{"line":24,"column":6}},"6":{"start":{"line":20,"column":14},"end":{"line":20,"column":44}},"7":{"start":{"line":35,"column":6},"end":{"line":35,"column":41}},"8":{"start":{"line":38,"column":4},"end":{"line":42,"column":5}},"9":{"start":{"line":40,"column":8},"end":{"line":41,"column":70}},"10":{"start":{"line":44,"column":2},"end":{"line":91,"column":4}},"11":{"start":{"line":79,"column":12},"end":{"line":86,"column":14}},"12":{"start":{"line":84,"column":16},"end":{"line":84,"column":64}}},"fnMap":{"0":{"name":"(anonymous_0)","decl":{"start":{"line":7,"column":24},"end":{"line":7,"column":25}},"loc":{"start":{"line":7,"column":30},"end":{"line":92,"column":1}},"line":7},"1":{"name":"(anonymous_1)","decl":{"start":{"line":19,"column":17},"end":{"line":19,"column":18}},"loc":{"start":{"line":20,"column":14},"end":{"line":20,"column":44}},"line":20},"2":{"name":"(anonymous_2)","decl":{"start":{"line":39,"column":6},"end":{"line":39,"column":7}},"loc":{"start":{"line":40,"column":8},"end":{"line":41,"column":70}},"line":40},"3":{"name":"(anonymous_3)","decl":{"start":{"line":77,"column":26},"end":{"line":77,"column":27}},"loc":{"start":{"line":79,"column":12},"end":{"line":86,"column":14}},"line":79},"4":{"name":"(anonymous_4)","decl":{"start":{"line":83,"column":28},"end":{"line":83,"column":29}},"loc":{"start":{"line":84,"column":16},"end":{"line":84,"column":64}},"line":84}},"branchMap":{"0":{"loc":{"start":{"line":13,"column":2},"end":{"line":25,"column":3}},"type":"if","locations":[{"start":{"line":13,"column":2},"end":{"line":25,"column":3}},{"start":{},"end":{}}],"line":13},"1":{"loc":{"start":{"line":84,"column":29},"end":{"line":84,"column":63}},"type":"cond-expr","locations":[{"start":{"line":84,"column":51},"end":{"line":84,"column":55}},{"start":{"line":84,"column":58},"end":{"line":84,"column":63}}],"line":84}},"s":{"0":1,"1":5,"2":5,"3":5,"4":5,"5":2,"6":20,"7":3,"8":3,"9":57,"10":3,"11":30,"12":1},"f":{"0":5,"1":20,"2":57,"3":30,"4":1},"b":{"0":[2,3],"1":[0,1]},"_coverageSchema":"1a1c01bbd47fc00a2c39e90264f33305004495a9","hash":"96a84323672e586152a1ed4915c554de5ee5b4a1"}
,"D:\\Frontend Development\\Advance-React-Notes\\React-04\\src\\utils\\appStore.js": {"path":"D:\\Frontend Development\\Advance-React-Notes\\React-04\\src\\utils\\appStore.js","statementMap":{"0":{"start":{"line":4,"column":17},"end":{"line":8,"column":2}}},"fnMap":{},"branchMap":{},"s":{"0":2},"f":{},"b":{},"_coverageSchema":"1a1c01bbd47fc00a2c39e90264f33305004495a9","hash":"8a67ad96c0f9455255837ab70ffdc4b3b84c290a"}
,"D:\\Frontend Development\\Advance-React-Notes\\React-04\\src\\utils\\coustomHooks\\useRestaurantsMenu.js": {"path":"D:\\Frontend Development\\Advance-React-Notes\\React-04\\src\\utils\\coustomHooks\\useRestaurantsMenu.js","statementMap":{"0":{"start":{"line":6,"column":27},"end":{"line":20,"column":1}},"1":{"start":{"line":7,"column":32},"end":{"line":7,"column":46}},"2":{"start":{"line":9,"column":2},"end":{"line":11,"column":9}},"3":{"start":{"line":10,"column":4},"end":{"line":10,"column":16}},"4":{"start":{"line":13,"column":20},"end":{"line":17,"column":3}},"5":{"start":{"line":14,"column":21},"end":{"line":14,"column":69}},"6":{"start":{"line":15,"column":17},"end":{"line":15,"column":38}},"7":{"start":{"line":16,"column":4},"end":{"line":16,"column":26}},"8":{"start":{"line":19,"column":2},"end":{"line":19,"column":17}}},"fnMap":{"0":{"name":"(anonymous_0)","decl":{"start":{"line":6,"column":27},"end":{"line":6,"column":28}},"loc":{"start":{"line":6,"column":38},"end":{"line":20,"column":1}},"line":6},"1":{"name":"(anonymous_1)","decl":{"start":{"line":9,"column":12},"end":{"line":9,"column":13}},"loc":{"start":{"line":9,"column":18},"end":{"line":11,"column":3}},"line":9},"2":{"name":"(anonymous_2)","decl":{"start":{"line":13,"column":20},"end":{"line":13,"column":21}},"loc":{"start":{"line":13,"column":32},"end":{"line":17,"column":3}},"line":13}},"branchMap":{},"s":{"0":1,"1":5,"2":5,"3":2,"4":5,"5":2,"6":2,"7":2,"8":5},"f":{"0":5,"1":2,"2":2},"b":{},"_coverageSchema":"1a1c01bbd47fc00a2c39e90264f33305004495a9","hash":"a6d0a3c8e3d84175f7a1eaf5d7ab6c61ec3d7abb"}
}
