{"D:\\Frontend Development\\Advance-React-Notes\\React-04\\src\\components\\Accordian.js": {"path":"D:\\Frontend Development\\Advance-React-Notes\\React-04\\src\\components\\Accordian.js","statementMap":{"0":{"start":{"line":3,"column":18},"end":{"line":38,"column":1}},"1":{"start":{"line":6,"column":26},"end":{"line":8,"column":3}},"2":{"start":{"line":7,"column":4},"end":{"line":7,"column":19}},"3":{"start":{"line":10,"column":2},"end":{"line":37,"column":4}},"4":{"start":{"line":32,"column":12},"end":{"line":32,"column":75}}},"fnMap":{"0":{"name":"(anonymous_0)","decl":{"start":{"line":3,"column":18},"end":{"line":3,"column":19}},"loc":{"start":{"line":3,"column":54},"end":{"line":38,"column":1}},"line":3},"1":{"name":"(anonymous_1)","decl":{"start":{"line":6,"column":26},"end":{"line":6,"column":27}},"loc":{"start":{"line":6,"column":32},"end":{"line":8,"column":3}},"line":6},"2":{"name":"(anonymous_2)","decl":{"start":{"line":31,"column":30},"end":{"line":31,"column":31}},"loc":{"start":{"line":32,"column":12},"end":{"line":32,"column":75}},"line":32}},"branchMap":{"0":{"loc":{"start":{"line":20,"column":11},"end":{"line":24,"column":11}},"type":"cond-expr","locations":[{"start":{"line":21,"column":12},"end":{"line":21,"column":52}},{"start":{"line":23,"column":12},"end":{"line":23,"column":54}}],"line":20},"1":{"loc":{"start":{"line":29,"column":7},"end":{"line":35,"column":7}},"type":"binary-expr","locations":[{"start":{"line":29,"column":7},"end":{"line":29,"column":13}},{"start":{"line":30,"column":8},"end":{"line":34,"column":14}}],"line":29}},"s":{"0":1,"1":30,"2":1,"3":30,"4":54},"f":{"0":30,"1":1,"2":54},"b":{"0":[3,27],"1":[30,3]},"_coverageSchema":"1a1c01bbd47fc00a2c39e90264f33305004495a9","hash":"a57704d58bb496c69912ce7006a29e2a4626f470"}
,"D:\\Frontend Development\\Advance-React-Notes\\React-04\\src\\components\\Body.js": {"path":"D:\\Frontend Development\\Advance-React-Notes\\React-04\\src\\components\\Body.js","statementMap":{"0":{"start":{"line":9,"column":13},"end":{"line":106,"column":1}},"1":{"start":{"line":18,"column":6},"end":{"line":18,"column":26}},"2":{"start":{"line":20,"column":23},"end":{"line":20,"column":40}},"3":{"start":{"line":21,"column":35},"end":{"line":21,"column":65}},"4":{"start":{"line":23,"column":2},"end":{"line":30,"column":3}},"5":{"start":{"line":24,"column":4},"end":{"line":29,"column":6}},"6":{"start":{"line":34,"column":2},"end":{"line":105,"column":4}},"7":{"start":{"line":45,"column":16},"end":{"line":45,"column":46}},"8":{"start":{"line":87,"column":16},"end":{"line":87,"column":39}},"9":{"start":{"line":93,"column":14},"end":{"line":99,"column":21}}},"fnMap":{"0":{"name":"(anonymous_0)","decl":{"start":{"line":9,"column":13},"end":{"line":9,"column":14}},"loc":{"start":{"line":9,"column":19},"end":{"line":106,"column":1}},"line":9},"1":{"name":"(anonymous_1)","decl":{"start":{"line":44,"column":24},"end":{"line":44,"column":25}},"loc":{"start":{"line":44,"column":31},"end":{"line":46,"column":15}},"line":44},"2":{"name":"(anonymous_2)","decl":{"start":{"line":86,"column":19},"end":{"line":86,"column":20}},"loc":{"start":{"line":87,"column":16},"end":{"line":87,"column":39}},"line":87},"3":{"name":"(anonymous_3)","decl":{"start":{"line":92,"column":37},"end":{"line":92,"column":38}},"loc":{"start":{"line":93,"column":14},"end":{"line":99,"column":21}},"line":93}},"branchMap":{"0":{"loc":{"start":{"line":23,"column":2},"end":{"line":30,"column":3}},"type":"if","locations":[{"start":{"line":23,"column":2},"end":{"line":30,"column":3}},{"start":{},"end":{}}],"line":23},"1":{"loc":{"start":{"line":48,"column":13},"end":{"line":55,"column":13}},"type":"binary-expr","locations":[{"start":{"line":48,"column":13},"end":{"line":48,"column":23}},{"start":{"line":49,"column":14},"end":{"line":54,"column":23}}],"line":48},"2":{"loc":{"start":{"line":67,"column":14},"end":{"line":67,"column":59}},"type":"cond-expr","locations":[{"start":{"line":67,"column":27},"end":{"line":67,"column":40}},{"start":{"line":67,"column":43},"end":{"line":67,"column":59}}],"line":67},"3":{"loc":{"start":{"line":82,"column":9},"end":{"line":102,"column":9}},"type":"cond-expr","locations":[{"start":{"line":83,"column":10},"end":{"line":89,"column":16}},{"start":{"line":91,"column":10},"end":{"line":101,"column":16}}],"line":82},"4":{"loc":{"start":{"line":94,"column":17},"end":{"line":98,"column":17}},"type":"cond-expr","locations":[{"start":{"line":95,"column":18},"end":{"line":95,"column":67}},{"start":{"line":97,"column":18},"end":{"line":97,"column":57}}],"line":94}},"s":{"0":1,"1":7,"2":7,"3":7,"4":7,"5":0,"6":7,"7":1,"8":24,"9":27},"f":{"0":7,"1":1,"2":24,"3":27},"b":{"0":[0,7],"1":[7,2],"2":[1,6],"3":[2,5],"4":[23,4]},"_coverageSchema":"1a1c01bbd47fc00a2c39e90264f33305004495a9","hash":"f79d29149991bea93b43f01c0209586874dee095"}
,"D:\\Frontend Development\\Advance-React-Notes\\React-04\\src\\components\\Cart.js": {"path":"D:\\Frontend Development\\Advance-React-Notes\\React-04\\src\\components\\Cart.js","statementMap":{"0":{"start":{"line":5,"column":13},"end":{"line":43,"column":1}},"1":{"start":{"line":6,"column":16},"end":{"line":6,"column":56}},"2":{"start":{"line":6,"column":39},"end":{"line":6,"column":55}},"3":{"start":{"line":7,"column":19},"end":{"line":7,"column":32}},"4":{"start":{"line":9,"column":22},"end":{"line":11,"column":3}},"5":{"start":{"line":10,"column":4},"end":{"line":10,"column":26}},"6":{"start":{"line":13,"column":2},"end":{"line":42,"column":4}},"7":{"start":{"line":27,"column":16},"end":{"line":27,"column":58}},"8":{"start":{"line":32,"column":33},"end":{"line":32,"column":46}}},"fnMap":{"0":{"name":"(anonymous_0)","decl":{"start":{"line":5,"column":13},"end":{"line":5,"column":14}},"loc":{"start":{"line":5,"column":19},"end":{"line":43,"column":1}},"line":5},"1":{"name":"(anonymous_1)","decl":{"start":{"line":6,"column":28},"end":{"line":6,"column":29}},"loc":{"start":{"line":6,"column":39},"end":{"line":6,"column":55}},"line":6},"2":{"name":"(anonymous_2)","decl":{"start":{"line":9,"column":22},"end":{"line":9,"column":23}},"loc":{"start":{"line":9,"column":28},"end":{"line":11,"column":3}},"line":9},"3":{"name":"(anonymous_3)","decl":{"start":{"line":26,"column":25},"end":{"line":26,"column":26}},"loc":{"start":{"line":27,"column":16},"end":{"line":27,"column":58}},"line":27},"4":{"name":"(anonymous_4)","decl":{"start":{"line":32,"column":27},"end":{"line":32,"column":28}},"loc":{"start":{"line":32,"column":33},"end":{"line":32,"column":46}},"line":32}},"branchMap":{"0":{"loc":{"start":{"line":16,"column":9},"end":{"line":39,"column":9}},"type":"cond-expr","locations":[{"start":{"line":17,"column":10},"end":{"line":19,"column":15}},{"start":{"line":21,"column":10},"end":{"line":38,"column":16}}],"line":16}},"s":{"0":1,"1":2,"2":4,"3":2,"4":2,"5":0,"6":2,"7":1,"8":0},"f":{"0":2,"1":4,"2":0,"3":1,"4":0},"b":{"0":[1,1]},"_coverageSchema":"1a1c01bbd47fc00a2c39e90264f33305004495a9","hash":"b6dce531663611e88b8ba53a7fb6ccb1a186765a"}
,"D:\\Frontend Development\\Advance-React-Notes\\React-04\\src\\components\\CartItems.js": {"path":"D:\\Frontend Development\\Advance-React-Notes\\React-04\\src\\components\\CartItems.js","statementMap":{"0":{"start":{"line":5,"column":18},"end":{"line":36,"column":1}},"1":{"start":{"line":6,"column":19},"end":{"line":6,"column":32}},"2":{"start":{"line":8,"column":22},"end":{"line":10,"column":3}},"3":{"start":{"line":9,"column":4},"end":{"line":9,"column":30}},"4":{"start":{"line":12,"column":2},"end":{"line":35,"column":4}},"5":{"start":{"line":30,"column":31},"end":{"line":30,"column":56}}},"fnMap":{"0":{"name":"(anonymous_0)","decl":{"start":{"line":5,"column":18},"end":{"line":5,"column":19}},"loc":{"start":{"line":5,"column":37},"end":{"line":36,"column":1}},"line":5},"1":{"name":"(anonymous_1)","decl":{"start":{"line":8,"column":22},"end":{"line":8,"column":23}},"loc":{"start":{"line":8,"column":30},"end":{"line":10,"column":3}},"line":8},"2":{"name":"(anonymous_2)","decl":{"start":{"line":30,"column":25},"end":{"line":30,"column":26}},"loc":{"start":{"line":30,"column":31},"end":{"line":30,"column":56}},"line":30}},"branchMap":{"0":{"loc":{"start":{"line":26,"column":12},"end":{"line":26,"column":65}},"type":"binary-expr","locations":[{"start":{"line":26,"column":12},"end":{"line":26,"column":40}},{"start":{"line":26,"column":44},"end":{"line":26,"column":65}}],"line":26}},"s":{"0":1,"1":1,"2":1,"3":0,"4":1,"5":0},"f":{"0":1,"1":0,"2":0},"b":{"0":[1,0]},"_coverageSchema":"1a1c01bbd47fc00a2c39e90264f33305004495a9","hash":"f40e1e2d757887207fd3d7faccd71ca6751edc99"}
,"D:\\Frontend Development\\Advance-React-Notes\\React-04\\src\\components\\Contact.js": {"path":"D:\\Frontend Development\\Advance-React-Notes\\React-04\\src\\components\\Contact.js","statementMap":{"0":{"start":{"line":1,"column":16},"end":{"line":12,"column":1}},"1":{"start":{"line":2,"column":4},"end":{"line":11,"column":5}}},"fnMap":{"0":{"name":"(anonymous_0)","decl":{"start":{"line":1,"column":16},"end":{"line":1,"column":17}},"loc":{"start":{"line":1,"column":22},"end":{"line":12,"column":1}},"line":1}},"branchMap":{},"s":{"0":1,"1":4},"f":{"0":4},"b":{},"_coverageSchema":"1a1c01bbd47fc00a2c39e90264f33305004495a9","hash":"5bba438073530a06e77786d86f2f51f4a70bf495"}
,"D:\\Frontend Development\\Advance-React-Notes\\React-04\\src\\components\\Header.js": {"path":"D:\\Frontend Development\\Advance-React-Notes\\React-04\\src\\components\\Header.js","statementMap":{"0":{"start":{"line":8,"column":15},"end":{"line":70,"column":1}},"1":{"start":{"line":9,"column":32},"end":{"line":9,"column":49}},"2":{"start":{"line":10,"column":23},"end":{"line":10,"column":40}},"3":{"start":{"line":15,"column":20},"end":{"line":15,"column":60}},"4":{"start":{"line":15,"column":43},"end":{"line":15,"column":59}},"5":{"start":{"line":19,"column":2},"end":{"line":69,"column":4}},"6":{"start":{"line":57,"column":16},"end":{"line":59,"column":40}}},"fnMap":{"0":{"name":"(anonymous_0)","decl":{"start":{"line":8,"column":15},"end":{"line":8,"column":16}},"loc":{"start":{"line":8,"column":21},"end":{"line":70,"column":1}},"line":8},"1":{"name":"(anonymous_1)","decl":{"start":{"line":15,"column":32},"end":{"line":15,"column":33}},"loc":{"start":{"line":15,"column":43},"end":{"line":15,"column":59}},"line":15},"2":{"name":"(anonymous_2)","decl":{"start":{"line":56,"column":23},"end":{"line":56,"column":24}},"loc":{"start":{"line":56,"column":29},"end":{"line":60,"column":15}},"line":56}},"branchMap":{"0":{"loc":{"start":{"line":29,"column":28},"end":{"line":29,"column":54}},"type":"cond-expr","locations":[{"start":{"line":29,"column":43},"end":{"line":29,"column":47}},{"start":{"line":29,"column":50},"end":{"line":29,"column":54}}],"line":29},"1":{"loc":{"start":{"line":57,"column":16},"end":{"line":59,"column":39}},"type":"cond-expr","locations":[{"start":{"line":58,"column":20},"end":{"line":58,"column":40}},{"start":{"line":59,"column":20},"end":{"line":59,"column":39}}],"line":57}},"s":{"0":2,"1":6,"2":6,"3":6,"4":11,"5":6,"6":1},"f":{"0":6,"1":11,"2":1},"b":{"0":[6,0],"1":[1,0]},"_coverageSchema":"1a1c01bbd47fc00a2c39e90264f33305004495a9","hash":"8571eb726b125161aab076254fe90e6a6a476f23"}
,"D:\\Frontend Development\\Advance-React-Notes\\React-04\\src\\components\\MenuCard.js": {"path":"D:\\Frontend Development\\Advance-React-Notes\\React-04\\src\\components\\MenuCard.js","statementMap":{"0":{"start":{"line":5,"column":17},"end":{"line":49,"column":1}},"1":{"start":{"line":6,"column":19},"end":{"line":6,"column":32}},"2":{"start":{"line":8,"column":22},"end":{"line":10,"column":3}},"3":{"start":{"line":9,"column":4},"end":{"line":9,"column":34}},"4":{"start":{"line":12,"column":2},"end":{"line":48,"column":4}},"5":{"start":{"line":41,"column":27},"end":{"line":41,"column":49}}},"fnMap":{"0":{"name":"(anonymous_0)","decl":{"start":{"line":5,"column":17},"end":{"line":5,"column":18}},"loc":{"start":{"line":5,"column":36},"end":{"line":49,"column":1}},"line":5},"1":{"name":"(anonymous_1)","decl":{"start":{"line":8,"column":22},"end":{"line":8,"column":23}},"loc":{"start":{"line":8,"column":37},"end":{"line":10,"column":3}},"line":8},"2":{"name":"(anonymous_2)","decl":{"start":{"line":41,"column":21},"end":{"line":41,"column":22}},"loc":{"start":{"line":41,"column":27},"end":{"line":41,"column":49}},"line":41}},"branchMap":{"0":{"loc":{"start":{"line":20,"column":13},"end":{"line":20,"column":66}},"type":"binary-expr","locations":[{"start":{"line":20,"column":13},"end":{"line":20,"column":34}},{"start":{"line":20,"column":38},"end":{"line":20,"column":66}}],"line":20}},"s":{"0":1,"1":54,"2":54,"3":1,"4":54,"5":1},"f":{"0":54,"1":1,"2":1},"b":{"0":[54,47]},"_coverageSchema":"1a1c01bbd47fc00a2c39e90264f33305004495a9","hash":"a4c349ace33f127a5ebf7033d6c25cefae7b372d"}
,"D:\\Frontend Development\\Advance-React-Notes\\React-04\\src\\components\\RestaurantCard.js": {"path":"D:\\Frontend Development\\Advance-React-Notes\\React-04\\src\\components\\RestaurantCard.js","statementMap":{"0":{"start":{"line":3,"column":23},"end":{"line":43,"column":1}},"1":{"start":{"line":6,"column":22},"end":{"line":6,"column":27}},"2":{"start":{"line":13,"column":6},"end":{"line":13,"column":19}},"3":{"start":{"line":15,"column":2},"end":{"line":42,"column":4}},"4":{"start":{"line":46,"column":23},"end":{"line":64,"column":1}},"5":{"start":{"line":49,"column":2},"end":{"line":63,"column":4}},"6":{"start":{"line":51,"column":24},"end":{"line":51,"column":29}},"7":{"start":{"line":52,"column":41},"end":{"line":52,"column":54}},"8":{"start":{"line":54,"column":4},"end":{"line":62,"column":6}}},"fnMap":{"0":{"name":"(anonymous_0)","decl":{"start":{"line":3,"column":23},"end":{"line":3,"column":24}},"loc":{"start":{"line":3,"column":34},"end":{"line":43,"column":1}},"line":3},"1":{"name":"(anonymous_1)","decl":{"start":{"line":46,"column":23},"end":{"line":46,"column":24}},"loc":{"start":{"line":46,"column":43},"end":{"line":64,"column":1}},"line":46},"2":{"name":"(anonymous_2)","decl":{"start":{"line":49,"column":9},"end":{"line":49,"column":10}},"loc":{"start":{"line":49,"column":20},"end":{"line":63,"column":3}},"line":49}},"branchMap":{},"s":{"0":2,"1":29,"2":29,"3":29,"4":2,"5":8,"6":24,"7":24,"8":24},"f":{"0":29,"1":8,"2":24},"b":{},"_coverageSchema":"1a1c01bbd47fc00a2c39e90264f33305004495a9","hash":"023759e496b12849fd0935a8b61de0fd8f8fff8c"}
,"D:\\Frontend Development\\Advance-React-Notes\\React-04\\src\\components\\RestaurantsMenu.js": {"path":"D:\\Frontend Development\\Advance-React-Notes\\React-04\\src\\components\\RestaurantsMenu.js","statementMap":{"0":{"start":{"line":7,"column":24},"end":{"line":92,"column":1}},"1":{"start":{"line":8,"column":20},"end":{"line":8,"column":31}},"2":{"start":{"line":9,"column":18},"end":{"line":9,"column":43}},"3":{"start":{"line":10,"column":36},"end":{"line":10,"column":47}},"4":{"start":{"line":13,"column":2},"end":{"line":25,"column":3}},"5":{"start":{"line":14,"column":4},"end":{"line":24,"column":6}},"6":{"start":{"line":20,"column":14},"end":{"line":20,"column":44}},"7":{"start":{"line":35,"column":6},"end":{"line":35,"column":41}},"8":{"start":{"line":38,"column":4},"end":{"line":42,"column":5}},"9":{"start":{"line":40,"column":8},"end":{"line":41,"column":70}},"10":{"start":{"line":44,"column":2},"end":{"line":91,"column":4}},"11":{"start":{"line":79,"column":12},"end":{"line":86,"column":14}},"12":{"start":{"line":84,"column":16},"end":{"line":84,"column":64}}},"fnMap":{"0":{"name":"(anonymous_0)","decl":{"start":{"line":7,"column":24},"end":{"line":7,"column":25}},"loc":{"start":{"line":7,"column":30},"end":{"line":92,"column":1}},"line":7},"1":{"name":"(anonymous_1)","decl":{"start":{"line":19,"column":17},"end":{"line":19,"column":18}},"loc":{"start":{"line":20,"column":14},"end":{"line":20,"column":44}},"line":20},"2":{"name":"(anonymous_2)","decl":{"start":{"line":39,"column":6},"end":{"line":39,"column":7}},"loc":{"start":{"line":40,"column":8},"end":{"line":41,"column":70}},"line":40},"3":{"name":"(anonymous_3)","decl":{"start":{"line":77,"column":26},"end":{"line":77,"column":27}},"loc":{"start":{"line":79,"column":12},"end":{"line":86,"column":14}},"line":79},"4":{"name":"(anonymous_4)","decl":{"start":{"line":83,"column":28},"end":{"line":83,"column":29}},"loc":{"start":{"line":84,"column":16},"end":{"line":84,"column":64}},"line":84}},"branchMap":{"0":{"loc":{"start":{"line":13,"column":2},"end":{"line":25,"column":3}},"type":"if","locations":[{"start":{"line":13,"column":2},"end":{"line":25,"column":3}},{"start":{},"end":{}}],"line":13},"1":{"loc":{"start":{"line":84,"column":29},"end":{"line":84,"column":63}},"type":"cond-expr","locations":[{"start":{"line":84,"column":51},"end":{"line":84,"column":55}},{"start":{"line":84,"column":58},"end":{"line":84,"column":63}}],"line":84}},"s":{"0":1,"1":5,"2":5,"3":5,"4":5,"5":2,"6":20,"7":3,"8":3,"9":57,"10":3,"11":30,"12":1},"f":{"0":5,"1":20,"2":57,"3":30,"4":1},"b":{"0":[2,3],"1":[0,1]},"_coverageSchema":"1a1c01bbd47fc00a2c39e90264f33305004495a9","hash":"96a84323672e586152a1ed4915c554de5ee5b4a1"}
,"D:\\Frontend Development\\Advance-React-Notes\\React-04\\src\\components\\Shimmer.js": {"path":"D:\\Frontend Development\\Advance-React-Notes\\React-04\\src\\components\\Shimmer.js","statementMap":{"0":{"start":{"line":1,"column":16},"end":{"line":5,"column":1}},"1":{"start":{"line":2,"column":4},"end":{"line":4,"column":5}},"2":{"start":{"line":7,"column":23},"end":{"line":11,"column":1}},"3":{"start":{"line":8,"column":4},"end":{"line":10,"column":5}}},"fnMap":{"0":{"name":"(anonymous_0)","decl":{"start":{"line":1,"column":16},"end":{"line":1,"column":17}},"loc":{"start":{"line":1,"column":22},"end":{"line":5,"column":1}},"line":1},"1":{"name":"(anonymous_1)","decl":{"start":{"line":7,"column":23},"end":{"line":7,"column":24}},"loc":{"start":{"line":7,"column":29},"end":{"line":11,"column":1}},"line":7}},"branchMap":{},"s":{"0":2,"1":24,"2":2,"3":20},"f":{"0":24,"1":20},"b":{},"_coverageSchema":"1a1c01bbd47fc00a2c39e90264f33305004495a9","hash":"f1e4eb4dc7a46ce9f76c51d83c4c2a81814ac771"}
,"D:\\Frontend Development\\Advance-React-Notes\\React-04\\src\\components\\sum.js": {"path":"D:\\Frontend Development\\Advance-React-Notes\\React-04\\src\\components\\sum.js","statementMap":{"0":{"start":{"line":1,"column":19},"end":{"line":3,"column":1}},"1":{"start":{"line":2,"column":4},"end":{"line":2,"column":16}}},"fnMap":{"0":{"name":"(anonymous_0)","decl":{"start":{"line":1,"column":19},"end":{"line":1,"column":20}},"loc":{"start":{"line":1,"column":29},"end":{"line":3,"column":1}},"line":1}},"branchMap":{},"s":{"0":1,"1":1},"f":{"0":1},"b":{},"_coverageSchema":"1a1c01bbd47fc00a2c39e90264f33305004495a9","hash":"feaca5679f4ebfbfde9b796ec80289ad889b30d8"}
,"D:\\Frontend Development\\Advance-React-Notes\\React-04\\src\\utils\\appStore.js": {"path":"D:\\Frontend Development\\Advance-React-Notes\\React-04\\src\\utils\\appStore.js","statementMap":{"0":{"start":{"line":4,"column":17},"end":{"line":8,"column":2}}},"fnMap":{},"branchMap":{},"s":{"0":2},"f":{},"b":{},"_coverageSchema":"1a1c01bbd47fc00a2c39e90264f33305004495a9","hash":"8a67ad96c0f9455255837ab70ffdc4b3b84c290a"}
,"D:\\Frontend Development\\Advance-React-Notes\\React-04\\src\\utils\\cartSlice.js": {"path":"D:\\Frontend Development\\Advance-React-Notes\\React-04\\src\\utils\\cartSlice.js","statementMap":{"0":{"start":{"line":3,"column":18},"end":{"line":22,"column":2}},"1":{"start":{"line":11,"column":12},"end":{"line":11,"column":44}},"2":{"start":{"line":14,"column":12},"end":{"line":14,"column":82}},"3":{"start":{"line":14,"column":55},"end":{"line":14,"column":81}},"4":{"start":{"line":19,"column":12},"end":{"line":19,"column":34}},"5":{"start":{"line":25,"column":50},"end":{"line":25,"column":67}}},"fnMap":{"0":{"name":"(anonymous_0)","decl":{"start":{"line":10,"column":18},"end":{"line":10,"column":19}},"loc":{"start":{"line":10,"column":37},"end":{"line":12,"column":9}},"line":10},"1":{"name":"(anonymous_1)","decl":{"start":{"line":13,"column":21},"end":{"line":13,"column":22}},"loc":{"start":{"line":13,"column":40},"end":{"line":17,"column":9}},"line":13},"2":{"name":"(anonymous_2)","decl":{"start":{"line":14,"column":45},"end":{"line":14,"column":46}},"loc":{"start":{"line":14,"column":55},"end":{"line":14,"column":81}},"line":14},"3":{"name":"(anonymous_3)","decl":{"start":{"line":18,"column":19},"end":{"line":18,"column":20}},"loc":{"start":{"line":18,"column":30},"end":{"line":20,"column":9}},"line":18}},"branchMap":{},"s":{"0":2,"1":1,"2":0,"3":0,"4":0,"5":2},"f":{"0":1,"1":0,"2":0,"3":0},"b":{},"_coverageSchema":"1a1c01bbd47fc00a2c39e90264f33305004495a9","hash":"2595e7c092448bb34e026c9fdd4a8fc9ed065a75"}
,"D:\\Frontend Development\\Advance-React-Notes\\React-04\\src\\utils\\constants.js": {"path":"D:\\Frontend Development\\Advance-React-Notes\\React-04\\src\\utils\\constants.js","statementMap":{"0":{"start":{"line":3,"column":23},"end":{"line":3,"column":106}},"1":{"start":{"line":5,"column":24},"end":{"line":5,"column":103}},"2":{"start":{"line":7,"column":24},"end":{"line":7,"column":192}},"3":{"start":{"line":9,"column":32},"end":{"line":9,"column":74}},"4":{"start":{"line":11,"column":28},"end":{"line":11,"column":123}}},"fnMap":{},"branchMap":{},"s":{"0":4,"1":4,"2":4,"3":4,"4":4},"f":{},"b":{},"_coverageSchema":"1a1c01bbd47fc00a2c39e90264f33305004495a9","hash":"b3d00097d843843364de6ffc5b25fbc66118fc8b"}
,"D:\\Frontend Development\\Advance-React-Notes\\React-04\\src\\utils\\coustomHooks\\useOnlineStatus.js": {"path":"D:\\Frontend Development\\Advance-React-Notes\\React-04\\src\\utils\\coustomHooks\\useOnlineStatus.js","statementMap":{"0":{"start":{"line":3,"column":24},"end":{"line":14,"column":1}},"1":{"start":{"line":4,"column":44},"end":{"line":4,"column":58}},"2":{"start":{"line":6,"column":4},"end":{"line":8,"column":7}},"3":{"start":{"line":7,"column":8},"end":{"line":7,"column":30}},"4":{"start":{"line":9,"column":4},"end":{"line":11,"column":7}},"5":{"start":{"line":10,"column":8},"end":{"line":10,"column":29}},"6":{"start":{"line":13,"column":4},"end":{"line":13,"column":23}}},"fnMap":{"0":{"name":"(anonymous_0)","decl":{"start":{"line":3,"column":24},"end":{"line":3,"column":25}},"loc":{"start":{"line":3,"column":30},"end":{"line":14,"column":1}},"line":3},"1":{"name":"(anonymous_1)","decl":{"start":{"line":6,"column":32},"end":{"line":6,"column":33}},"loc":{"start":{"line":6,"column":43},"end":{"line":8,"column":5}},"line":6},"2":{"name":"(anonymous_2)","decl":{"start":{"line":9,"column":31},"end":{"line":9,"column":32}},"loc":{"start":{"line":9,"column":42},"end":{"line":11,"column":5}},"line":9}},"branchMap":{},"s":{"0":3,"1":13,"2":13,"3":0,"4":13,"5":0,"6":13},"f":{"0":13,"1":0,"2":0},"b":{},"_coverageSchema":"1a1c01bbd47fc00a2c39e90264f33305004495a9","hash":"d2ca679974ce15503f50e749e54667c412fe127c"}
,"D:\\Frontend Development\\Advance-React-Notes\\React-04\\src\\utils\\coustomHooks\\useRestaurantsData.js": {"path":"D:\\Frontend Development\\Advance-React-Notes\\React-04\\src\\utils\\coustomHooks\\useRestaurantsData.js","statementMap":{"0":{"start":{"line":4,"column":27},"end":{"line":69,"column":1}},"1":{"start":{"line":5,"column":52},"end":{"line":5,"column":64}},"2":{"start":{"line":6,"column":56},"end":{"line":6,"column":68}},"3":{"start":{"line":7,"column":38},"end":{"line":7,"column":50}},"4":{"start":{"line":8,"column":38},"end":{"line":8,"column":53}},"5":{"start":{"line":11,"column":2},"end":{"line":13,"column":9}},"6":{"start":{"line":12,"column":4},"end":{"line":12,"column":16}},"7":{"start":{"line":15,"column":20},"end":{"line":26,"column":3}},"8":{"start":{"line":16,"column":21},"end":{"line":18,"column":5}},"9":{"start":{"line":19,"column":17},"end":{"line":19,"column":38}},"10":{"start":{"line":20,"column":4},"end":{"line":22,"column":6}},"11":{"start":{"line":23,"column":4},"end":{"line":25,"column":6}},"12":{"start":{"line":29,"column":27},"end":{"line":32,"column":3}},"13":{"start":{"line":30,"column":4},"end":{"line":30,"column":22}},"14":{"start":{"line":31,"column":4},"end":{"line":31,"column":46}},"15":{"start":{"line":35,"column":25},"end":{"line":46,"column":3}},"16":{"start":{"line":36,"column":4},"end":{"line":45,"column":5}},"17":{"start":{"line":37,"column":6},"end":{"line":37,"column":48}},"18":{"start":{"line":38,"column":6},"end":{"line":38,"column":27}},"19":{"start":{"line":40,"column":27},"end":{"line":42,"column":7}},"20":{"start":{"line":41,"column":17},"end":{"line":41,"column":41}},"21":{"start":{"line":43,"column":6},"end":{"line":43,"column":43}},"22":{"start":{"line":44,"column":6},"end":{"line":44,"column":26}},"23":{"start":{"line":49,"column":28},"end":{"line":58,"column":3}},"24":{"start":{"line":50,"column":32},"end":{"line":56,"column":5}},"25":{"start":{"line":52,"column":8},"end":{"line":55,"column":9}},"26":{"start":{"line":54,"column":10},"end":{"line":54,"column":67}},"27":{"start":{"line":57,"column":4},"end":{"line":57,"column":48}},"28":{"start":{"line":60,"column":2},"end":{"line":68,"column":4}}},"fnMap":{"0":{"name":"(anonymous_0)","decl":{"start":{"line":4,"column":27},"end":{"line":4,"column":28}},"loc":{"start":{"line":4,"column":33},"end":{"line":69,"column":1}},"line":4},"1":{"name":"(anonymous_1)","decl":{"start":{"line":11,"column":12},"end":{"line":11,"column":13}},"loc":{"start":{"line":11,"column":18},"end":{"line":13,"column":3}},"line":11},"2":{"name":"(anonymous_2)","decl":{"start":{"line":15,"column":20},"end":{"line":15,"column":21}},"loc":{"start":{"line":15,"column":32},"end":{"line":26,"column":3}},"line":15},"3":{"name":"(anonymous_3)","decl":{"start":{"line":29,"column":27},"end":{"line":29,"column":28}},"loc":{"start":{"line":29,"column":33},"end":{"line":32,"column":3}},"line":29},"4":{"name":"(anonymous_4)","decl":{"start":{"line":35,"column":25},"end":{"line":35,"column":26}},"loc":{"start":{"line":35,"column":31},"end":{"line":46,"column":3}},"line":35},"5":{"name":"(anonymous_5)","decl":{"start":{"line":41,"column":8},"end":{"line":41,"column":9}},"loc":{"start":{"line":41,"column":17},"end":{"line":41,"column":41}},"line":41},"6":{"name":"(anonymous_6)","decl":{"start":{"line":49,"column":28},"end":{"line":49,"column":29}},"loc":{"start":{"line":49,"column":34},"end":{"line":58,"column":3}},"line":49},"7":{"name":"(anonymous_7)","decl":{"start":{"line":51,"column":6},"end":{"line":51,"column":7}},"loc":{"start":{"line":52,"column":8},"end":{"line":55,"column":9}},"line":52},"8":{"name":"(anonymous_8)","decl":{"start":{"line":53,"column":31},"end":{"line":53,"column":32}},"loc":{"start":{"line":54,"column":10},"end":{"line":54,"column":67}},"line":54}},"branchMap":{"0":{"loc":{"start":{"line":36,"column":4},"end":{"line":45,"column":5}},"type":"if","locations":[{"start":{"line":36,"column":4},"end":{"line":45,"column":5}},{"start":{"line":39,"column":11},"end":{"line":45,"column":5}}],"line":36},"1":{"loc":{"start":{"line":52,"column":8},"end":{"line":55,"column":9}},"type":"binary-expr","locations":[{"start":{"line":52,"column":8},"end":{"line":52,"column":70}},{"start":{"line":53,"column":8},"end":{"line":55,"column":9}}],"line":52}},"s":{"0":1,"1":7,"2":7,"3":7,"4":7,"5":7,"6":2,"7":7,"8":2,"9":2,"10":2,"11":2,"12":7,"13":0,"14":0,"15":7,"16":1,"17":0,"18":0,"19":1,"20":8,"21":1,"22":1,"23":7,"24":1,"25":8,"26":19,"27":1,"28":7},"f":{"0":7,"1":2,"2":2,"3":0,"4":1,"5":8,"6":1,"7":8,"8":19},"b":{"0":[0,1],"1":[8,7]},"_coverageSchema":"1a1c01bbd47fc00a2c39e90264f33305004495a9","hash":"33fbe445bc6b8a8dc99a4107bdd0104d5a897421"}
,"D:\\Frontend Development\\Advance-React-Notes\\React-04\\src\\utils\\coustomHooks\\useRestaurantsMenu.js": {"path":"D:\\Frontend Development\\Advance-React-Notes\\React-04\\src\\utils\\coustomHooks\\useRestaurantsMenu.js","statementMap":{"0":{"start":{"line":6,"column":27},"end":{"line":20,"column":1}},"1":{"start":{"line":7,"column":32},"end":{"line":7,"column":46}},"2":{"start":{"line":9,"column":2},"end":{"line":11,"column":9}},"3":{"start":{"line":10,"column":4},"end":{"line":10,"column":16}},"4":{"start":{"line":13,"column":20},"end":{"line":17,"column":3}},"5":{"start":{"line":14,"column":21},"end":{"line":14,"column":69}},"6":{"start":{"line":15,"column":17},"end":{"line":15,"column":38}},"7":{"start":{"line":16,"column":4},"end":{"line":16,"column":26}},"8":{"start":{"line":19,"column":2},"end":{"line":19,"column":17}}},"fnMap":{"0":{"name":"(anonymous_0)","decl":{"start":{"line":6,"column":27},"end":{"line":6,"column":28}},"loc":{"start":{"line":6,"column":38},"end":{"line":20,"column":1}},"line":6},"1":{"name":"(anonymous_1)","decl":{"start":{"line":9,"column":12},"end":{"line":9,"column":13}},"loc":{"start":{"line":9,"column":18},"end":{"line":11,"column":3}},"line":9},"2":{"name":"(anonymous_2)","decl":{"start":{"line":13,"column":20},"end":{"line":13,"column":21}},"loc":{"start":{"line":13,"column":32},"end":{"line":17,"column":3}},"line":13}},"branchMap":{},"s":{"0":1,"1":5,"2":5,"3":2,"4":5,"5":2,"6":2,"7":2,"8":5},"f":{"0":5,"1":2,"2":2},"b":{},"_coverageSchema":"1a1c01bbd47fc00a2c39e90264f33305004495a9","hash":"a6d0a3c8e3d84175f7a1eaf5d7ab6c61ec3d7abb"}
}
