TN:
SF:src\components\Accordian.js
FN:3,(anonymous_0)
FN:6,(anonymous_1)
FN:31,(anonymous_2)
FNF:3
FNH:3
FNDA:30,(anonymous_0)
FNDA:1,(anonymous_1)
FNDA:54,(anonymous_2)
DA:3,1
DA:6,30
DA:7,1
DA:10,30
DA:32,54
LF:5
LH:5
BRDA:20,0,0,3
BRDA:20,0,1,27
BRDA:29,1,0,30
BRDA:29,1,1,3
BRF:4
BRH:4
end_of_record
TN:
SF:src\components\Body.js
FN:9,(anonymous_0)
FN:44,(anonymous_1)
FN:86,(anonymous_2)
FN:92,(anonymous_3)
FNF:4
FNH:4
FNDA:7,(anonymous_0)
FNDA:1,(anonymous_1)
FNDA:24,(anonymous_2)
FNDA:27,(anonymous_3)
DA:9,1
DA:18,7
DA:20,7
DA:21,7
DA:23,7
DA:24,0
DA:34,7
DA:45,1
DA:87,24
DA:93,27
LF:10
LH:9
BRDA:23,0,0,0
BRDA:23,0,1,7
BRDA:48,1,0,7
BRDA:48,1,1,2
BRDA:67,2,0,1
BRDA:67,2,1,6
BRDA:82,3,0,2
BRDA:82,3,1,5
BRDA:94,4,0,23
BRDA:94,4,1,4
BRF:10
BRH:9
end_of_record
TN:
SF:src\components\Cart.js
FN:5,(anonymous_0)
FN:6,(anonymous_1)
FN:9,(anonymous_2)
FN:26,(anonymous_3)
FN:32,(anonymous_4)
FNF:5
FNH:3
FNDA:2,(anonymous_0)
FNDA:4,(anonymous_1)
FNDA:0,(anonymous_2)
FNDA:1,(anonymous_3)
FNDA:0,(anonymous_4)
DA:5,1
DA:6,4
DA:7,2
DA:9,2
DA:10,0
DA:13,2
DA:27,1
DA:32,0
LF:8
LH:6
BRDA:16,0,0,1
BRDA:16,0,1,1
BRF:2
BRH:2
end_of_record
TN:
SF:src\components\CartItems.js
FN:5,(anonymous_0)
FN:8,(anonymous_1)
FN:30,(anonymous_2)
FNF:3
FNH:1
FNDA:1,(anonymous_0)
FNDA:0,(anonymous_1)
FNDA:0,(anonymous_2)
DA:5,1
DA:6,1
DA:8,1
DA:9,0
DA:12,1
DA:30,0
LF:6
LH:4
BRDA:26,0,0,1
BRDA:26,0,1,0
BRF:2
BRH:1
end_of_record
TN:
SF:src\components\Contact.js
FN:1,(anonymous_0)
FNF:1
FNH:1
FNDA:4,(anonymous_0)
DA:1,1
DA:2,4
LF:2
LH:2
BRF:0
BRH:0
end_of_record
TN:
SF:src\components\Header.js
FN:8,(anonymous_0)
FN:15,(anonymous_1)
FN:56,(anonymous_2)
FNF:3
FNH:3
FNDA:6,(anonymous_0)
FNDA:11,(anonymous_1)
FNDA:1,(anonymous_2)
DA:8,2
DA:9,6
DA:10,6
DA:15,11
DA:19,6
DA:57,1
LF:6
LH:6
BRDA:29,0,0,6
BRDA:29,0,1,0
BRDA:57,1,0,1
BRDA:57,1,1,0
BRF:4
BRH:2
end_of_record
TN:
SF:src\components\MenuCard.js
FN:5,(anonymous_0)
FN:8,(anonymous_1)
FN:41,(anonymous_2)
FNF:3
FNH:3
FNDA:54,(anonymous_0)
FNDA:1,(anonymous_1)
FNDA:1,(anonymous_2)
DA:5,1
DA:6,54
DA:8,54
DA:9,1
DA:12,54
DA:41,1
LF:6
LH:6
BRDA:20,0,0,54
BRDA:20,0,1,47
BRF:2
BRH:2
end_of_record
TN:
SF:src\components\RestaurantCard.js
FN:3,(anonymous_0)
FN:46,(anonymous_1)
FN:49,(anonymous_2)
FNF:3
FNH:3
FNDA:29,(anonymous_0)
FNDA:8,(anonymous_1)
FNDA:24,(anonymous_2)
DA:3,2
DA:6,29
DA:13,29
DA:15,29
DA:46,2
DA:49,8
DA:51,24
DA:52,24
DA:54,24
LF:9
LH:9
BRF:0
BRH:0
end_of_record
TN:
SF:src\components\RestaurantsMenu.js
FN:7,(anonymous_0)
FN:19,(anonymous_1)
FN:39,(anonymous_2)
FN:77,(anonymous_3)
FN:83,(anonymous_4)
FNF:5
FNH:5
FNDA:5,(anonymous_0)
FNDA:20,(anonymous_1)
FNDA:57,(anonymous_2)
FNDA:30,(anonymous_3)
FNDA:1,(anonymous_4)
DA:7,1
DA:8,5
DA:9,5
DA:10,5
DA:13,5
DA:14,2
DA:20,20
DA:35,3
DA:38,3
DA:40,57
DA:44,3
DA:79,30
DA:84,1
LF:13
LH:13
BRDA:13,0,0,2
BRDA:13,0,1,3
BRDA:84,1,0,0
BRDA:84,1,1,1
BRF:4
BRH:3
end_of_record
TN:
SF:src\components\Shimmer.js
FN:1,(anonymous_0)
FN:7,(anonymous_1)
FNF:2
FNH:2
FNDA:24,(anonymous_0)
FNDA:20,(anonymous_1)
DA:1,2
DA:2,24
DA:7,2
DA:8,20
LF:4
LH:4
BRF:0
BRH:0
end_of_record
TN:
SF:src\components\sum.js
FN:1,(anonymous_0)
FNF:1
FNH:1
FNDA:1,(anonymous_0)
DA:1,1
DA:2,1
LF:2
LH:2
BRF:0
BRH:0
end_of_record
TN:
SF:src\utils\appStore.js
FNF:0
FNH:0
DA:4,2
LF:1
LH:1
BRF:0
BRH:0
end_of_record
TN:
SF:src\utils\cartSlice.js
FN:10,(anonymous_0)
FN:13,(anonymous_1)
FN:14,(anonymous_2)
FN:18,(anonymous_3)
FNF:4
FNH:1
FNDA:1,(anonymous_0)
FNDA:0,(anonymous_1)
FNDA:0,(anonymous_2)
FNDA:0,(anonymous_3)
DA:3,2
DA:11,1
DA:14,0
DA:19,0
DA:25,2
LF:5
LH:3
BRF:0
BRH:0
end_of_record
TN:
SF:src\utils\constants.js
FNF:0
FNH:0
DA:3,4
DA:5,4
DA:7,4
DA:9,4
DA:11,4
LF:5
LH:5
BRF:0
BRH:0
end_of_record
TN:
SF:src\utils\coustomHooks\useOnlineStatus.js
FN:3,(anonymous_0)
FN:6,(anonymous_1)
FN:9,(anonymous_2)
FNF:3
FNH:1
FNDA:13,(anonymous_0)
FNDA:0,(anonymous_1)
FNDA:0,(anonymous_2)
DA:3,3
DA:4,13
DA:6,13
DA:7,0
DA:9,13
DA:10,0
DA:13,13
LF:7
LH:5
BRF:0
BRH:0
end_of_record
TN:
SF:src\utils\coustomHooks\useRestaurantsData.js
FN:4,(anonymous_0)
FN:11,(anonymous_1)
FN:15,(anonymous_2)
FN:29,(anonymous_3)
FN:35,(anonymous_4)
FN:41,(anonymous_5)
FN:49,(anonymous_6)
FN:51,(anonymous_7)
FN:53,(anonymous_8)
FNF:9
FNH:8
FNDA:7,(anonymous_0)
FNDA:2,(anonymous_1)
FNDA:2,(anonymous_2)
FNDA:0,(anonymous_3)
FNDA:1,(anonymous_4)
FNDA:8,(anonymous_5)
FNDA:1,(anonymous_6)
FNDA:8,(anonymous_7)
FNDA:19,(anonymous_8)
DA:4,1
DA:5,7
DA:6,7
DA:7,7
DA:8,7
DA:11,7
DA:12,2
DA:15,7
DA:16,2
DA:19,2
DA:20,2
DA:23,2
DA:29,7
DA:30,0
DA:31,0
DA:35,7
DA:36,1
DA:37,0
DA:38,0
DA:40,1
DA:41,8
DA:43,1
DA:44,1
DA:49,7
DA:50,1
DA:52,8
DA:54,19
DA:57,1
DA:60,7
LF:29
LH:25
BRDA:36,0,0,0
BRDA:36,0,1,1
BRDA:52,1,0,8
BRDA:52,1,1,7
BRF:4
BRH:3
end_of_record
TN:
SF:src\utils\coustomHooks\useRestaurantsMenu.js
FN:6,(anonymous_0)
FN:9,(anonymous_1)
FN:13,(anonymous_2)
FNF:3
FNH:3
FNDA:5,(anonymous_0)
FNDA:2,(anonymous_1)
FNDA:2,(anonymous_2)
DA:6,1
DA:7,5
DA:9,5
DA:10,2
DA:13,5
DA:14,2
DA:15,2
DA:16,2
DA:19,5
LF:9
LH:9
BRF:0
BRH:0
end_of_record
