TN:
SF:src\components\Accordian.js
FN:3,(anonymous_0)
FN:6,(anonymous_1)
FN:31,(anonymous_2)
FNF:3
FNH:2
FNDA:10,(anonymous_0)
FNDA:0,(anonymous_1)
FNDA:20,(anonymous_2)
DA:3,1
DA:6,10
DA:7,0
DA:10,10
DA:32,20
LF:5
LH:4
BRDA:20,0,0,1
BRDA:20,0,1,9
BRDA:29,1,0,10
BRDA:29,1,1,1
BRF:4
BRH:4
end_of_record
TN:
SF:src\components\Body.js
FN:9,(anonymous_0)
FN:44,(anonymous_1)
FN:86,(anonymous_2)
FN:92,(anonymous_3)
FNF:4
FNH:4
FNDA:7,(anonymous_0)
FNDA:1,(anonymous_1)
FNDA:24,(anonymous_2)
FNDA:27,(anonymous_3)
DA:9,1
DA:18,7
DA:20,7
DA:21,7
DA:23,7
DA:24,0
DA:34,7
DA:45,1
DA:87,24
DA:93,27
LF:10
LH:9
BRDA:23,0,0,0
BRDA:23,0,1,7
BRDA:48,1,0,7
BRDA:48,1,1,2
BRDA:67,2,0,1
BRDA:67,2,1,6
BRDA:82,3,0,2
BRDA:82,3,1,5
BRDA:94,4,0,23
BRDA:94,4,1,4
BRF:10
BRH:9
end_of_record
TN:
SF:src\components\Contact.js
FN:1,(anonymous_0)
FNF:1
FNH:1
FNDA:4,(anonymous_0)
DA:1,1
DA:2,4
LF:2
LH:2
BRF:0
BRH:0
end_of_record
TN:
SF:src\components\RestaurantCard.js
FN:3,(anonymous_0)
FN:46,(anonymous_1)
FN:49,(anonymous_2)
FNF:3
FNH:3
FNDA:29,(anonymous_0)
FNDA:8,(anonymous_1)
FNDA:24,(anonymous_2)
DA:3,2
DA:6,29
DA:13,29
DA:15,29
DA:46,2
DA:49,8
DA:51,24
DA:52,24
DA:54,24
LF:9
LH:9
BRF:0
BRH:0
end_of_record
TN:
SF:src\components\RestaurantsMenu.js
FN:7,(anonymous_0)
FN:19,(anonymous_1)
FN:39,(anonymous_2)
FN:77,(anonymous_3)
FN:83,(anonymous_4)
FNF:5
FNH:4
FNDA:2,(anonymous_0)
FNDA:10,(anonymous_1)
FNDA:19,(anonymous_2)
FNDA:10,(anonymous_3)
FNDA:0,(anonymous_4)
DA:7,1
DA:8,2
DA:9,2
DA:10,2
DA:13,2
DA:14,1
DA:20,10
DA:35,1
DA:38,1
DA:40,19
DA:44,1
DA:79,10
DA:84,0
LF:13
LH:12
BRDA:13,0,0,1
BRDA:13,0,1,1
BRDA:84,1,0,0
BRDA:84,1,1,0
BRF:4
BRH:2
end_of_record
TN:
SF:src\utils\appStore.js
FNF:0
FNH:0
DA:4,2
LF:1
LH:1
BRF:0
BRH:0
end_of_record
TN:
SF:src\utils\coustomHooks\useRestaurantsMenu.js
FN:6,(anonymous_0)
FN:9,(anonymous_1)
FN:13,(anonymous_2)
FNF:3
FNH:3
FNDA:2,(anonymous_0)
FNDA:1,(anonymous_1)
FNDA:1,(anonymous_2)
DA:6,1
DA:7,2
DA:9,2
DA:10,1
DA:13,2
DA:14,1
DA:15,1
DA:16,1
DA:18,1
DA:21,2
LF:10
LH:10
BRF:0
BRH:0
end_of_record
